<?xml version="1.0" encoding="UTF-8"?><testsuite errors="0" failures="0" name="com.example.ricardo.features.login.LoginStory" skipped="0" tests="6" time="401.85" timestamp="2018-06-13 05:17:37"><testcase classname="com.example.ricardo.features.login.LoginStory" name="It should show error message when login without username"/><testcase classname="com.example.ricardo.features.login.LoginStory" name="It should show error message when login without password"/><testcase classname="com.example.ricardo.features.login.LoginStory" name="It should login with valid credentials"/><testcase classname="com.example.ricardo.features.login.LoginStory" name="It should show error message when login with invalid credentials"/><testcase classname="com.example.ricardo.features.login.LoginStory" name="It should show error message when login without credentials"/><testcase classname="com.example.ricardo.features.login.LoginStory" name="It should show error message when login with invalid password"/></testsuite>