<?xml version="1.0" encoding="UTF-8"?><testsuite errors="0" failures="0" name="com.example.ricardo.features.register_users.RegisterUserInformationStory" skipped="0" tests="6" time="418.57" timestamp="2018-06-13 05:28:03"><testcase classname="com.example.ricardo.features.register_users.RegisterUserInformationStory" name="It should not register user without password"/><testcase classname="com.example.ricardo.features.register_users.RegisterUserInformationStory" name="It should register user with all fields"/><testcase classname="com.example.ricardo.features.register_users.RegisterUserInformationStory" name="It should not register user with used username"/><testcase classname="com.example.ricardo.features.register_users.RegisterUserInformationStory" name="It should not register user without information"/><testcase classname="com.example.ricardo.features.register_users.RegisterUserInformationStory" name="It should register user without name"/><testcase classname="com.example.ricardo.features.register_users.RegisterUserInformationStory" name="It should not register user without username"/></testsuite>